<?xml version="1.0" encoding="UTF-8"?>
<!-- Generated by org.testng.reporters.JUnitReportReporter -->
<testsuite hostname="DESKTOP-818170J" failures="0" tests="6" name="testng.Flipkartwithdataprovider" time="32.623" errors="0" timestamp="2025-09-18T19:46:35 IST" skipped="0">
  <testcase classname="testng.Flipkartwithdataprovider" name="Search" time="5.996"/>
  <testcase classname="testng.Flipkartwithdataprovider" name="Search" time="5.198"/>
  <testcase classname="testng.Flipkartwithdataprovider" name="Search" time="5.798"/>
  <testcase classname="testng.Flipkartwithdataprovider" name="Search" time="5.457"/>
  <testcase classname="testng.Flipkartwithdataprovider" name="Search" time="4.111"/>
  <testcase classname="testng.Flipkartwithdataprovider" name="Search" time="6.063"/>
</testsuite> <!-- testng.Flipkartwithdataprovider -->
