<?xml version="1.0" encoding="UTF-8"?>
<!-- Generated by org.testng.reporters.JUnitReportReporter -->
<testsuite hostname="DESKTOP-818170J" failures="0" tests="2" name="pageobjectmadule.Testngdemo" time="14.166" errors="0" timestamp="2025-09-15T19:34:06 IST" skipped="0">
  <testcase classname="pageobjectmadule.Testngdemo" name="google" time="5.389"/>
  <testcase classname="pageobjectmadule.Testngdemo" name="facebook" time="8.777"/>
</testsuite> <!-- pageobjectmadule.Testngdemo -->
