<?xml version="1.0" encoding="UTF-8"?>
<!-- Generated by org.testng.reporters.JUnitReportReporter -->
<testsuite hostname="DESKTOP-818170J" failures="0" tests="4" name="pageobjectmadule.Flipkart" time="25.041" errors="0" timestamp="2025-09-29T19:51:08 IST" skipped="0">
  <testcase classname="pageobjectmadule.Flipkart" name="search" time="6.959"/>
  <testcase classname="pageobjectmadule.Flipkart" name="search" time="4.600"/>
  <testcase classname="pageobjectmadule.Flipkart" name="viewcart" time="7.205"/>
  <testcase classname="pageobjectmadule.Flipkart" name="viewcart" time="6.277"/>
</testsuite> <!-- pageobjectmadule.Flipkart -->
