<?xml version="1.0" encoding="UTF-8"?>
<!-- Generated by org.testng.reporters.JUnitReportReporter -->
<testsuite hostname="DESKTOP-818170J" failures="0" tests="3" name="testng.TurboViplay" time="27.426" errors="0" timestamp="2025-09-23T19:28:19 IST" skipped="0">
  <testcase classname="testng.TurboViplay" name="invalidloginTesting" time="8.261"/>
  <testcase classname="testng.TurboViplay" name="invalidloginTesting" time="8.698"/>
  <testcase classname="testng.TurboViplay" name="invalidloginTesting" time="10.467"/>
</testsuite> <!-- testng.TurboViplay -->
